This is TeX, Version 3.141592653 (TeX Live 2022/Debian) (preloaded format=tex 2025.5.15)  15 MAR 2026 16:43
**common.tex
(./common.tex (./cwebmac.tex
\PPbox=\box16
\MMbox=\box17
\MGbox=\box18
\MODbox=\box19
\bak=\box20
\bakk=\box21
\ind=\count26
\gdepth=\count27
\secpagedepth=\count28
\gtitle=\toks12
\intersecskip=\skip18
\toksA=\toks13
\toksE=\toks14
\countA=\count29
\countB=\count30
\countNOS=\count31

(/usr/share/texlive/texmf-dist/tex/generic/iftex/iftex.sty) (./cwebacromac.tex
\toksB=\toks15
\toksC=\toks16
\toksD=\toks17
\toksF=\toks18
\sanitizer=\toks19
)
\pagewidth=\dimen16
\pageheight=\dimen17
\fullpageheight=\dimen18
\pageshift=\dimen19
\cont=\write0
\sbox=\box22
\lbox=\box23
\twodigits=\count32
) *1 [30] [31] [32] [33] [34] [35] *21 [36] *22 [37] *25 [38] [39] [40]
[41] [42] [43] [44] [45] *43 [46] [47] [48] [49] [50] [51] [52] [53] *65
[54] [55] *73 [56] [57] [58] [59] *83 [60] *85 Index: (./common.idx [61]
[62]) [63] Section names: (./common.scn) [64] Table of contents: (./common.toc)
[29] )
Output written on common.dvi (36 pages, 154732 bytes).
