This is TeX, Version 3.141592653 (TeX Live 2022/Debian) (preloaded format=tex 2025.5.15)  15 MAR 2026 16:43
**ctangle.tex
(./ctangle.tex (./cwebmac.tex
\PPbox=\box16
\MMbox=\box17
\MGbox=\box18
\MODbox=\box19
\bak=\box20
\bakk=\box21
\ind=\count26
\gdepth=\count27
\secpagedepth=\count28
\gtitle=\toks12
\intersecskip=\skip18
\toksA=\toks13
\toksE=\toks14
\countA=\count29
\countB=\count30
\countNOS=\count31

(/usr/share/texlive/texmf-dist/tex/generic/iftex/iftex.sty) (./cwebacromac.tex
\toksB=\toks15
\toksC=\toks16
\toksD=\toks17
\toksF=\toks18
\sanitizer=\toks19
)
\pagewidth=\dimen16
\pageheight=\dimen17
\fullpageheight=\dimen18
\pageshift=\dimen19
\cont=\write0
\sbox=\box22
\lbox=\box23
\twodigits=\count32
) *1 [66] [67] [68] [69] [70] *19 [71] [72] *26 [73] *31 [74] [75] [76] *41
[77] [78] *48 [79] [80] [81] [82] [83] [84] *61 [85] [86] [87] *68 [88]
[89] [90] [91] [92] [93] [94] *82 [95] [96] [97] [98] [99] *90 [100] [101]
[102] [103] *104 Index: (./ctangle.idx [104] [105] [106]) [107] Section names:
(./ctangle.scn) [108] Table of contents: (./ctangle.toc) [65] )
Output written on ctangle.dvi (44 pages, 186608 bytes).
