This is TeX, Version 3.141592653 (TeX Live 2022/Debian) (preloaded format=tex 2025.5.15)  15 MAR 2026 16:43
**cweave.tex
(./cweave.tex (./cwebmac.tex
\PPbox=\box16
\MMbox=\box17
\MGbox=\box18
\MODbox=\box19
\bak=\box20
\bakk=\box21
\ind=\count26
\gdepth=\count27
\secpagedepth=\count28
\gtitle=\toks12
\intersecskip=\skip18
\toksA=\toks13
\toksE=\toks14
\countA=\count29
\countB=\count30
\countNOS=\count31

(/usr/share/texlive/texmf-dist/tex/generic/iftex/iftex.sty) (./cwebacromac.tex
\toksB=\toks15
\toksC=\toks16
\toksD=\toks17
\toksF=\toks18
\sanitizer=\toks19
)
\pagewidth=\dimen16
\pageheight=\dimen17
\fullpageheight=\dimen18
\pageshift=\dimen19
\cont=\write0
\sbox=\box22
\lbox=\box23
\twodigits=\count32
) *1 [110] [111] [112] [113] [114] *20 [115] [116] [117] [118] [119] [120]
[121] [122] *35 [123] [124] [125] *43 [126] [127] [128] [129] [130] [131]
[132] [133] [134] *67 [135] [136] [137] [138] [139] [140] *85 [141] [142]
[143] [144] *98 [145] [146] [147] [148] *105 [149] [150] [151] [152] [153]
[154] [155] [156]
\prodno=\count33
\midcol=\dimen20
 [157] [158] [159] [160] [161] [162] [163] *112 [164] [165]
[166] [167] [168] [169] [170] [171] [172] [173] [174] [175] [176] [177]
[178] [179] [180] [181] [182] [183] [184] [185] [186] [187] [188] [189]
[190] [191] [192] [193] [194] *193 [195] [196] [197] [198] [199] [200] [201]
*206 [202] [203] [204] [205] [206] [207] [208] [209] [210] [211] *227 [212]
[213] [214] [215] [216] [217] [218] [219] *247 [220] [221] [222] [223] [224]
[225] [226] [227] *270 Index: (./cweave.idx [228] [229] [230] [231] [232]
[233] [234]) [235] Section names: (./cweave.scn [236] [237]) [238]
Table of contents: (./cweave.toc) [109] )
Output written on cweave.dvi (130 pages, 577104 bytes).
