This is pdfTeX, Version 3.141592653-2.6-1.40.24 (TeX Live 2022/Debian) (preloaded format=pdftex 2025.5.15)  15 MAR 2026 17:34
entering extended mode
 restricted \write18 enabled.
 file:line:error style messages enabled.
 %&-line parsing enabled.
**ctangle.tex
(./ctangle.tex (./cwebmac.tex
\PPbox=\box16
\MMbox=\box17
\MGbox=\box18
\MODbox=\box19
\bak=\box20
\bakk=\box21
\ind=\count27
\gdepth=\count28
\secpagedepth=\count29
\gtitle=\toks13
\intersecskip=\skip18
\toksA=\toks14
\toksE=\toks15
\countA=\count30
\countB=\count31
\countNOS=\count32

(/usr/share/texlive/texmf-dist/tex/generic/iftex/iftex.sty) (./cwebacromac.tex
\toksB=\toks16
\toksC=\toks17
\toksD=\toks18
\toksF=\toks19
\sanitizer=\toks20
)
\pagewidth=\dimen16
\pageheight=\dimen17
\fullpageheight=\dimen18
\pageshift=\dimen19
\cont=\write0
\sbox=\box22
\lbox=\box23
\twodigits=\count33
) *1 [66{/var/lib/texmf/fonts/map/pdftex/updmap/pdftex.map}
\openout0 = `ctangle.toc'.

] [67] [68] [69]
[70] *19 [71] [72] *26 [73] *31 [74] [75] [76] *41 [77] [78] *48 [79] [80]
[81] [82] [83] [84] *61 [85] [86] [87] *68 [88] [89] [90] [91] [92] [93]
[94] *82 [95] [96] [97] [98] [99] *90 [100] [101] [102] [103] *104 Index:
(./ctangle.idx [104] [105] [106]) [107] (build-pdf/ctangle.toc)
Number of named sections: (./ctangle.scn) 38 Section names: (./ctangle.scn)
[108] Table of contents: (build-pdf/ctangle.toc) [65] )</usr/share/texlive/texm
f-dist/fonts/type1/public/amsfonts/cm/cmbx10.pfb></usr/share/texlive/texmf-dist
/fonts/type1/public/amsfonts/cm/cmmi10.pfb></usr/share/texlive/texmf-dist/fonts
/type1/public/amsfonts/cm/cmr10.pfb></usr/share/texlive/texmf-dist/fonts/type1/
public/amsfonts/cm/cmr7.pfb></usr/share/texlive/texmf-dist/fonts/type1/public/a
msfonts/cm/cmr8.pfb></usr/share/texlive/texmf-dist/fonts/type1/public/amsfonts/
cm/cmr9.pfb></usr/share/texlive/texmf-dist/fonts/type1/public/amsfonts/cm/cmsy1
0.pfb></usr/share/texlive/texmf-dist/fonts/type1/public/amsfonts/cm/cmsy7.pfb><
/usr/share/texlive/texmf-dist/fonts/type1/public/amsfonts/cm/cmtex10.pfb></usr/
share/texlive/texmf-dist/fonts/type1/public/amsfonts/cm/cmti10.pfb></usr/share/
texlive/texmf-dist/fonts/type1/public/amsfonts/cm/cmtt10.pfb>
Output written on build-pdf/ctangle.pdf (44 pages, 370553 bytes).
PDF statistics:
 1809 PDF objects out of 2073 (max. 8388607)
 1734 compressed objects within 18 object streams
 1 named destinations out of 1000 (max. 500000)
 401 words of extra memory for PDF output out of 10000 (max. 10000000)

