This is pdfTeX, Version 3.141592653-2.6-1.40.24 (TeX Live 2022/Debian) (preloaded format=pdftex 2025.5.15)  15 MAR 2026 17:34
entering extended mode
 restricted \write18 enabled.
 file:line:error style messages enabled.
 %&-line parsing enabled.
**cweave.tex
(./cweave.tex (./cwebmac.tex
\PPbox=\box16
\MMbox=\box17
\MGbox=\box18
\MODbox=\box19
\bak=\box20
\bakk=\box21
\ind=\count27
\gdepth=\count28
\secpagedepth=\count29
\gtitle=\toks13
\intersecskip=\skip18
\toksA=\toks14
\toksE=\toks15
\countA=\count30
\countB=\count31
\countNOS=\count32

(/usr/share/texlive/texmf-dist/tex/generic/iftex/iftex.sty) (./cwebacromac.tex
\toksB=\toks16
\toksC=\toks17
\toksD=\toks18
\toksF=\toks19
\sanitizer=\toks20
)
\pagewidth=\dimen16
\pageheight=\dimen17
\fullpageheight=\dimen18
\pageshift=\dimen19
\cont=\write0
\sbox=\box22
\lbox=\box23
\twodigits=\count33
) *1 [110{/var/lib/texmf/fonts/map/pdftex/updmap/pdftex.map}
\openout0 = `cweave.toc'.

] [111] [112]
[113] [114] *20 [115] [116] [117] [118] [119] [120] [121] [122] *35 [123]
[124] [125] *43 [126] [127] [128] [129] [130] [131] [132] [133] [134] *67
[135] [136] [137] [138] [139] [140] *85 [141] [142] [143] [144] *98 [145]
[146] [147] [148] *105 [149] [150] [151] [152] [153] [154] [155] [156]
\prodno=\count34
\midcol=\dimen20
 [157]
[158] [159] [160] [161] [162] [163] *112 [164] [165] [166] [167] [168] [169]
[170] [171] [172] [173] [174] [175] [176] [177] [178] [179] [180] [181]
[182] [183] [184] [185] [186] [187] [188] [189] [190] [191] [192] [193]
[194] *193 [195] [196] [197] [198] [199] [200] [201] *206 [202] [203] [204]
[205] [206] [207] [208] [209] [210] [211] *227 [212] [213] [214] [215] [216]
[217] [218] [219] *247 [220] [221] [222] [223] [224] [225] [226] [227] *270
Index: (./cweave.idx [228] [229] [230] [231] [232] [233] [234]) [235]
(build-pdf/cweave.toc) Number of named sections: (./cweave.scn) 134
Section names: (./cweave.scn [236] [237]) [238] Table of contents:
(build-pdf/cweave.toc) [109] )</usr/share/texlive/texmf-dist/fonts/type1/public
/amsfonts/cm/cmbx10.pfb></usr/share/texlive/texmf-dist/fonts/type1/public/amsfo
nts/cm/cmex10.pfb></usr/share/texlive/texmf-dist/fonts/type1/public/amsfonts/cm
/cmmi10.pfb></usr/share/texlive/texmf-dist/fonts/type1/public/amsfonts/cm/cmmi7
.pfb></usr/share/texlive/texmf-dist/fonts/type1/public/amsfonts/cm/cmr10.pfb></
usr/share/texlive/texmf-dist/fonts/type1/public/amsfonts/cm/cmr7.pfb></usr/shar
e/texlive/texmf-dist/fonts/type1/public/amsfonts/cm/cmr8.pfb></usr/share/texliv
e/texmf-dist/fonts/type1/public/amsfonts/cm/cmr9.pfb></usr/share/texlive/texmf-
dist/fonts/type1/public/amsfonts/cm/cmsy10.pfb></usr/share/texlive/texmf-dist/f
onts/type1/public/amsfonts/cm/cmsy7.pfb></usr/share/texlive/texmf-dist/fonts/ty
pe1/public/amsfonts/cm/cmtex10.pfb></usr/share/texlive/texmf-dist/fonts/type1/p
ublic/amsfonts/cm/cmti10.pfb></usr/share/texlive/texmf-dist/fonts/type1/public/
amsfonts/cm/cmtt10.pfb>
Output written on build-pdf/cweave.pdf (130 pages, 835115 bytes).
PDF statistics:
 5754 PDF objects out of 6186 (max. 8388607)
 5553 compressed objects within 56 object streams
 1 named destinations out of 1000 (max. 500000)
 1193 words of extra memory for PDF output out of 10000 (max. 10000000)

