This is pdfTeX, Version 3.141592653-2.6-1.40.24 (TeX Live 2022/Debian) (preloaded format=pdftex)
 restricted \write18 enabled.
entering extended mode
(./func_typedef.tex (./cwebmac.tex
(/usr/share/texlive/texmf-dist/tex/generic/iftex/iftex.sty) (./cwebacromac.tex)
) *1 [1{/var/lib/texmf/fonts/map/pdftex/updmap/pdftex.map}] *3 Index:
(./func_typedef.idx) [2] (build-pdf/func_typedef.toc)
Number of named sections: (./func_typedef.scn) 0 Section names:
(./func_typedef.scn) Table of contents: (build-pdf/func_typedef.toc) [0] )</usr
/share/texlive/texmf-dist/fonts/type1/public/amsfonts/cm/cmbx10.pfb></usr/share
/texlive/texmf-dist/fonts/type1/public/amsfonts/cm/cmmi10.pfb></usr/share/texli
ve/texmf-dist/fonts/type1/public/amsfonts/cm/cmr10.pfb></usr/share/texlive/texm
f-dist/fonts/type1/public/amsfonts/cm/cmr7.pfb></usr/share/texlive/texmf-dist/f
onts/type1/public/amsfonts/cm/cmr8.pfb></usr/share/texlive/texmf-dist/fonts/typ
e1/public/amsfonts/cm/cmsy10.pfb></usr/share/texlive/texmf-dist/fonts/type1/pub
lic/amsfonts/cm/cmti10.pfb>
Output written on build-pdf/func_typedef.pdf (3 pages, 76294 bytes).
Transcript written on build-pdf/func_typedef.log.
This is pdfTeX, Version 3.141592653-2.6-1.40.24 (TeX Live 2022/Debian) (preloaded format=pdftex)
 restricted \write18 enabled.
entering extended mode
(./func_typedef.tex (./cwebmac.tex
(/usr/share/texlive/texmf-dist/tex/generic/iftex/iftex.sty) (./cwebacromac.tex)
) *1 [1{/var/lib/texmf/fonts/map/pdftex/updmap/pdftex.map}] *3 Index:
(./func_typedef.idx) [2] (build-pdf/func_typedef.toc)
Number of named sections: (./func_typedef.scn) 0 Section names:
(./func_typedef.scn) Table of contents: (build-pdf/func_typedef.toc) [0] )</usr
/share/texlive/texmf-dist/fonts/type1/public/amsfonts/cm/cmbx10.pfb></usr/share
/texlive/texmf-dist/fonts/type1/public/amsfonts/cm/cmmi10.pfb></usr/share/texli
ve/texmf-dist/fonts/type1/public/amsfonts/cm/cmr10.pfb></usr/share/texlive/texm
f-dist/fonts/type1/public/amsfonts/cm/cmr7.pfb></usr/share/texlive/texmf-dist/f
onts/type1/public/amsfonts/cm/cmr8.pfb></usr/share/texlive/texmf-dist/fonts/typ
e1/public/amsfonts/cm/cmsy10.pfb></usr/share/texlive/texmf-dist/fonts/type1/pub
lic/amsfonts/cm/cmti10.pfb>
Output written on build-pdf/func_typedef.pdf (3 pages, 76294 bytes).
Transcript written on build-pdf/func_typedef.log.
