This is pdfTeX, Version 3.141592653-2.6-1.40.24 (TeX Live 2022/Debian) (preloaded format=pdftex 2025.5.15)  15 MAR 2026 17:34
entering extended mode
 restricted \write18 enabled.
 file:line:error style messages enabled.
 %&-line parsing enabled.
**grĂĽn.tex
(./grĂĽn.tex (./cwebmac.tex
\PPbox=\box16
\MMbox=\box17
\MGbox=\box18
\MODbox=\box19
\bak=\box20
\bakk=\box21
\ind=\count27
\gdepth=\count28
\secpagedepth=\count29
\gtitle=\toks13
\intersecskip=\skip18
\toksA=\toks14
\toksE=\toks15
\countA=\count30
\countB=\count31
\countNOS=\count32

(/usr/share/texlive/texmf-dist/tex/generic/iftex/iftex.sty) (./cwebacromac.tex
\toksB=\toks16
\toksC=\toks17
\toksD=\toks18
\toksF=\toks19
\sanitizer=\toks20
)
\pagewidth=\dimen16
\pageheight=\dimen17
\fullpageheight=\dimen18
\pageshift=\dimen19
\cont=\write0
\sbox=\box22
\lbox=\box23
\twodigits=\count33
)
Missing character: There is no „ in font cmti10!
Missing character: There is no – in font cmti10!
Missing character: There is no ś in font cmti10!
Missing character: There is no ¤ in font cmti10!
Missing character: There is no ¶ in font cmti10!
Missing character: There is no Ľ in font cmti10!
Missing character: There is no ź in font cmti10!
Missing character: There is no ¬ in font cmti10!
Missing character: There is no Ă in font cmr8!
Missing character: There is no Ľ in font cmr8!
 [1{/var/lib/texmf/fonts/map/pdftex/updmap/pdftex.map}
\openout0 = `grĂĽn.toc'.

] *1
Missing character: There is no Â in font cmr10!
Missing character: There is no » in font cmr10!
Missing character: There is no Ă in font cmr10!
Missing character: There is no Ľ in font cmr10!
Missing character: There is no Ă in font cmr10!
Missing character: There is no Ľ in font cmr10!
Missing character: There is no Ă in font cmr10!
Missing character: There is no Ľ in font cmr10!
Missing character: There is no Ă in font cmr10!
Missing character: There is no Ľ in font cmr10!
Missing character: There is no Â in font cmr10!
Missing character: There is no « in font cmr10!
Missing character: There is no Ă in font cmti10!
Missing character: There is no „ in font cmti10!
Missing character: There is no Ă in font cmti10!
Missing character: There is no – in font cmti10!
Missing character: There is no Ă in font cmti10!
Missing character: There is no ś in font cmti10!
Missing character: There is no Ă in font cmti10!
Missing character: There is no ¤ in font cmti10!
Missing character: There is no Ă in font cmti10!
Missing character: There is no ¶ in font cmti10!
Missing character: There is no Ă in font cmti10!
Missing character: There is no Ľ in font cmti10!
Missing character: There is no Ă in font cmti10!
Missing character: There is no ź in font cmti10!
Missing character: There is no â in font cmti10!
Missing character: There is no ‚ in font cmti10!
Missing character: There is no ¬ in font cmti10!
Missing character: There is no Ă in font cmr8!
Missing character: There is no Ľ in font cmr8!
 [2] *2 Index:
(./grĂĽn.idx
Missing character: There is no Ă in font cmti10!
Missing character: There is no „ in font cmti10!
Missing character: There is no Ă in font cmti10!
Missing character: There is no – in font cmti10!
Missing character: There is no Ă in font cmti10!
Missing character: There is no ś in font cmti10!
Missing character: There is no Ă in font cmti10!
Missing character: There is no ¤ in font cmti10!
Missing character: There is no Ă in font cmti10!
Missing character: There is no ¶ in font cmti10!
Missing character: There is no Ă in font cmti10!
Missing character: There is no Ľ in font cmti10!
Missing character: There is no Ă in font cmti10!
Missing character: There is no ź in font cmti10!
Missing character: There is no â in font cmti10!
Missing character: There is no ‚ in font cmti10!
Missing character: There is no ¬ in font cmti10!
)
Missing character: There is no Ă in font cmr8!
Missing character: There is no Ľ in font cmr8!
 [3] (build-pdf/grĂĽn.toc) Number of named sections: (./grĂĽn.scn) 0 Section na
mes: (./grĂĽn.scn) Table of contents:
Missing character: There is no Ă in font cmr7!
Missing character: There is no Ľ in font cmr7!
 (build-pdf/grĂĽn.toc)
[0] )</usr/share/texlive/texmf-dist/fonts/type1/public/amsfonts/cm/cmbx10.pfb><
/usr/share/texlive/texmf-dist/fonts/type1/public/amsfonts/cm/cmr10.pfb></usr/sh
are/texlive/texmf-dist/fonts/type1/public/amsfonts/cm/cmr7.pfb></usr/share/texl
ive/texmf-dist/fonts/type1/public/amsfonts/cm/cmr8.pfb></usr/share/texlive/texm
f-dist/fonts/type1/public/amsfonts/cm/cmsy10.pfb></usr/share/texlive/texmf-dist
/fonts/type1/public/amsfonts/cm/cmtex10.pfb></usr/share/texlive/texmf-dist/font
s/type1/public/amsfonts/cm/cmti10.pfb>
Output written on build-pdf/grĂĽn.pdf (4 pages, 75739 bytes).
PDF statistics:
 64 PDF objects out of 1000 (max. 8388607)
 50 compressed objects within 1 object stream
 1 named destinations out of 1000 (max. 500000)
 25 words of extra memory for PDF output out of 10000 (max. 10000000)

