This is pdfTeX, Version 3.141592653-2.6-1.40.24 (TeX Live 2022/Debian) (preloaded format=pdftex)
 restricted \write18 enabled.
entering extended mode
(./gb_basic.tex (/usr/share/texlive/texmf-dist/tex/plain/cweb/cwebmac.tex
(/usr/share/texlive/texmf-dist/tex/generic/iftex/iftex.sty)) *1 [1{/var/lib/tex
mf/fonts/map/pdftex/updmap/pdftex.map}] *6 [2] [3] [4] [5] [6] [7] [8] *24
[9] [10] [11] [12] [13] *36 [14] [15] [16] *41 [17] [18] [19] [20] [21] *54
[22] [23] [24] [25] *63
Overfull \hbox (4.43881pt too wide) in paragraph at lines 1839--1843
[]\tenrm The par-tial or-der-ing cor-re-spond-ing to the di-rected graph on $[]
\teni =\tenrm (2\teni n \tenrm + 1)$ ver-tices cre-ated by $[]([]\teni ; []\ten
rm )$|
[26] [27] [28] [29] [30] [31] *73 [32] [33] *77 [34] [35] [36] [37] *87
[38] [39] [40] *94 [41] [42] [43] *100 [44] [45] [46] [47] [48] [49] [50] *115
Index: (./gb_basic.idx [51]) [52] (build-pdf/gb_basic.toc)
Number of named sections: (./gb_basic.scn) 82 Section names: (./gb_basic.scn
[53]) [54] Table of contents: (build-pdf/gb_basic.toc) [0] )
(see the transcript file for additional information)</usr/share/texlive/texmf-d
ist/fonts/type1/public/amsfonts/cm/cmbx10.pfb></usr/share/texlive/texmf-dist/fo
nts/type1/public/amsfonts/cm/cmex10.pfb></usr/share/texlive/texmf-dist/fonts/ty
pe1/public/amsfonts/cm/cmmi10.pfb></usr/share/texlive/texmf-dist/fonts/type1/pu
blic/amsfonts/cm/cmmi5.pfb></usr/share/texlive/texmf-dist/fonts/type1/public/am
sfonts/cm/cmmi7.pfb></usr/share/texlive/texmf-dist/fonts/type1/public/amsfonts/
cm/cmr10.pfb></usr/share/texlive/texmf-dist/fonts/type1/public/amsfonts/cm/cmr5
.pfb></usr/share/texlive/texmf-dist/fonts/type1/public/amsfonts/cm/cmr7.pfb></u
sr/share/texlive/texmf-dist/fonts/type1/public/amsfonts/cm/cmr8.pfb></usr/share
/texlive/texmf-dist/fonts/type1/public/amsfonts/cm/cmr9.pfb></usr/share/texlive
/texmf-dist/fonts/type1/public/amsfonts/cm/cmsl10.pfb></usr/share/texlive/texmf
-dist/fonts/type1/public/amsfonts/cm/cmsy10.pfb></usr/share/texlive/texmf-dist/
fonts/type1/public/amsfonts/cm/cmsy7.pfb></usr/share/texlive/texmf-dist/fonts/t
ype1/public/amsfonts/cm/cmtex10.pfb></usr/share/texlive/texmf-dist/fonts/type1/
public/amsfonts/cm/cmti10.pfb></usr/share/texlive/texmf-dist/fonts/type1/public
/amsfonts/cm/cmtt10.pfb></usr/share/texlive/texmf-dist/fonts/type1/public/amsfo
nts/cm/cmtt9.pfb>
Output written on build-pdf/gb_basic.pdf (55 pages, 513816 bytes).
Transcript written on build-pdf/gb_basic.log.
This is pdfTeX, Version 3.141592653-2.6-1.40.24 (TeX Live 2022/Debian) (preloaded format=pdftex)
 restricted \write18 enabled.
entering extended mode
(./gb_basic.tex (/usr/share/texlive/texmf-dist/tex/plain/cweb/cwebmac.tex
(/usr/share/texlive/texmf-dist/tex/generic/iftex/iftex.sty)) *1 [1{/var/lib/tex
mf/fonts/map/pdftex/updmap/pdftex.map}] *6 [2] [3] [4] [5] [6] [7] [8] *24
[9] [10] [11] [12] [13] *36 [14] [15] [16] *41 [17] [18] [19] [20] [21] *54
[22] [23] [24] [25] *63
Overfull \hbox (4.43881pt too wide) in paragraph at lines 1839--1843
[]\tenrm The par-tial or-der-ing cor-re-spond-ing to the di-rected graph on $[]
\teni =\tenrm (2\teni n \tenrm + 1)$ ver-tices cre-ated by $[]([]\teni ; []\ten
rm )$|
[26] [27] [28] [29] [30] [31] *73 [32] [33] *77 [34] [35] [36] [37] *87
[38] [39] [40] *94 [41] [42] [43] *100 [44] [45] [46] [47] [48] [49] [50] *115
Index: (./gb_basic.idx [51]) [52] (build-pdf/gb_basic.toc)
Number of named sections: (./gb_basic.scn) 82 Section names: (./gb_basic.scn
[53]) [54] Table of contents: (build-pdf/gb_basic.toc) [0] )
(see the transcript file for additional information)</usr/share/texlive/texmf-d
ist/fonts/type1/public/amsfonts/cm/cmbx10.pfb></usr/share/texlive/texmf-dist/fo
nts/type1/public/amsfonts/cm/cmex10.pfb></usr/share/texlive/texmf-dist/fonts/ty
pe1/public/amsfonts/cm/cmmi10.pfb></usr/share/texlive/texmf-dist/fonts/type1/pu
blic/amsfonts/cm/cmmi5.pfb></usr/share/texlive/texmf-dist/fonts/type1/public/am
sfonts/cm/cmmi7.pfb></usr/share/texlive/texmf-dist/fonts/type1/public/amsfonts/
cm/cmr10.pfb></usr/share/texlive/texmf-dist/fonts/type1/public/amsfonts/cm/cmr5
.pfb></usr/share/texlive/texmf-dist/fonts/type1/public/amsfonts/cm/cmr7.pfb></u
sr/share/texlive/texmf-dist/fonts/type1/public/amsfonts/cm/cmr8.pfb></usr/share
/texlive/texmf-dist/fonts/type1/public/amsfonts/cm/cmr9.pfb></usr/share/texlive
/texmf-dist/fonts/type1/public/amsfonts/cm/cmsl10.pfb></usr/share/texlive/texmf
-dist/fonts/type1/public/amsfonts/cm/cmsy10.pfb></usr/share/texlive/texmf-dist/
fonts/type1/public/amsfonts/cm/cmsy7.pfb></usr/share/texlive/texmf-dist/fonts/t
ype1/public/amsfonts/cm/cmtex10.pfb></usr/share/texlive/texmf-dist/fonts/type1/
public/amsfonts/cm/cmti10.pfb></usr/share/texlive/texmf-dist/fonts/type1/public
/amsfonts/cm/cmtt10.pfb></usr/share/texlive/texmf-dist/fonts/type1/public/amsfo
nts/cm/cmtt9.pfb>
Output written on build-pdf/gb_basic.pdf (55 pages, 513816 bytes).
Transcript written on build-pdf/gb_basic.log.
