This is pdfTeX, Version 3.141592653-2.6-1.40.24 (TeX Live 2022/Debian) (preloaded format=pdftex 2025.5.15)  15 MAR 2026 17:34
entering extended mode
 restricted \write18 enabled.
 file:line:error style messages enabled.
 %&-line parsing enabled.
**gb_lisa.tex
(./gb_lisa.tex (/usr/share/texlive/texmf-dist/tex/plain/cweb/cwebmac.tex
(/usr/share/texlive/texmf-dist/tex/generic/iftex/iftex.sty)
\PPbox=\box16
\MMbox=\box17
\MGbox=\box18
\MODbox=\box19
\bak=\box20
\bakk=\box21
\ind=\count27
\gdepth=\count28
\secpagedepth=\count29
\gtitle=\toks13
\intersecskip=\skip18
\toksA=\toks14
\toksB=\toks15
\toksC=\toks16
\toksD=\toks17
\toksE=\toks18
\toksF=\toks19
\usersanitizer=\toks20
\countA=\count30
\countB=\count31
\countC=\count32
\countD=\count33
\pagewidth=\dimen16
\pageheight=\dimen17
\fullpageheight=\dimen18
\pageshift=\dimen19
\cont=\write0
\sbox=\box22
\lbox=\box23
\twodigits=\count34
) *1
Overfull \hbox (113.05884pt too wide) in paragraph at lines 132--140
[]\tenrm Examples: The call $[] =$ $[]([]\teni ; []; []; []; []; []; []; []; []
; []\tenrm )$ is equiv-a-lent to the call $[] =$ $[]([]\teni ; []; []; []; []; 
[]; []; []; [] \tensy ^^C|

\hbox(7.5+2.5)x469.75499, glue set - 1.0
.\hbox(0.0+0.0)x10.00002
.\tenrm E
.\tenrm x
.\tenrm a
.\tenrm m
.etc.

[1{/var/lib/texmf/fonts/map/pdftex/updmap/pdftex.map}
\openout0 = `gb_lisa.toc'.

] [2] [3] [4] *11 [5]
[6] *15 [7] *19 [8] *23 [9] [10] [11] [12] *33 [13] [14] *37 Index:
(./gb_lisa.idx [15]) [16] (build-pdf/gb_lisa.toc) Number of named sections:
(./gb_lisa.scn) 23 Section names: (./gb_lisa.scn) [17] Table of contents:
(build-pdf/gb_lisa.toc) [0] )</usr/share/texlive/texmf-dist/fonts/type1/public/
amsfonts/cm/cmbx10.pfb></usr/share/texlive/texmf-dist/fonts/type1/public/amsfon
ts/cm/cmex10.pfb></usr/share/texlive/texmf-dist/fonts/type1/public/amsfonts/cm/
cmmi10.pfb></usr/share/texlive/texmf-dist/fonts/type1/public/amsfonts/cm/cmmi7.
pfb></usr/share/texlive/texmf-dist/fonts/type1/public/amsfonts/cm/cmr10.pfb></u
sr/share/texlive/texmf-dist/fonts/type1/public/amsfonts/cm/cmr5.pfb></usr/share
/texlive/texmf-dist/fonts/type1/public/amsfonts/cm/cmr7.pfb></usr/share/texlive
/texmf-dist/fonts/type1/public/amsfonts/cm/cmr8.pfb></usr/share/texlive/texmf-d
ist/fonts/type1/public/amsfonts/cm/cmr9.pfb></usr/share/texlive/texmf-dist/font
s/type1/public/amsfonts/cm/cmsl10.pfb></usr/share/texlive/texmf-dist/fonts/type
1/public/amsfonts/cm/cmsy10.pfb></usr/share/texlive/texmf-dist/fonts/type1/publ
ic/amsfonts/cm/cmsy7.pfb></usr/share/texlive/texmf-dist/fonts/type1/public/amsf
onts/cm/cmtex10.pfb></usr/share/texlive/texmf-dist/fonts/type1/public/amsfonts/
cm/cmti10.pfb></usr/share/texlive/texmf-dist/fonts/type1/public/amsfonts/cm/cmt
t10.pfb></usr/share/texlive/texmf-dist/fonts/type1/public/amsfonts/cm/cmtt9.pfb
>
Output written on build-pdf/gb_lisa.pdf (18 pages, 278624 bytes).
PDF statistics:
 740 PDF objects out of 1000 (max. 8388607)
 697 compressed objects within 7 object streams
 1 named destinations out of 1000 (max. 500000)
 249 words of extra memory for PDF output out of 10000 (max. 10000000)

