This is pdfTeX, Version 3.141592653-2.6-1.40.24 (TeX Live 2022/Debian) (preloaded format=pdftex)
 restricted \write18 enabled.
entering extended mode
(./gb_roget.tex (/usr/share/texlive/texmf-dist/tex/plain/cweb/cwebmac.tex
(/usr/share/texlive/texmf-dist/tex/generic/iftex/iftex.sty)) *1 [1{/var/lib/tex
mf/fonts/map/pdftex/updmap/pdftex.map}] [2] *6 [3] *10 [4] [5] *15 Index:
(./gb_roget.idx) [6] (build-pdf/gb_roget.toc) Number of named sections:
(./gb_roget.scn) 9 Section names: (./gb_roget.scn) [7] Table of contents:
(build-pdf/gb_roget.toc) [0] )</usr/share/texlive/texmf-dist/fonts/type1/public
/amsfonts/cm/cmbx10.pfb></usr/share/texlive/texmf-dist/fonts/type1/public/amsfo
nts/cm/cmmi10.pfb></usr/share/texlive/texmf-dist/fonts/type1/public/amsfonts/cm
/cmr10.pfb></usr/share/texlive/texmf-dist/fonts/type1/public/amsfonts/cm/cmr7.p
fb></usr/share/texlive/texmf-dist/fonts/type1/public/amsfonts/cm/cmr8.pfb></usr
/share/texlive/texmf-dist/fonts/type1/public/amsfonts/cm/cmr9.pfb></usr/share/t
exlive/texmf-dist/fonts/type1/public/amsfonts/cm/cmsl10.pfb></usr/share/texlive
/texmf-dist/fonts/type1/public/amsfonts/cm/cmsy10.pfb></usr/share/texlive/texmf
-dist/fonts/type1/public/amsfonts/cm/cmsy7.pfb></usr/share/texlive/texmf-dist/f
onts/type1/public/amsfonts/cm/cmtex10.pfb></usr/share/texlive/texmf-dist/fonts/
type1/public/amsfonts/cm/cmti10.pfb></usr/share/texlive/texmf-dist/fonts/type1/
public/amsfonts/cm/cmtt10.pfb></usr/share/texlive/texmf-dist/fonts/type1/public
/amsfonts/cm/cmtt9.pfb>
Output written on build-pdf/gb_roget.pdf (8 pages, 192642 bytes).
Transcript written on build-pdf/gb_roget.log.
This is pdfTeX, Version 3.141592653-2.6-1.40.24 (TeX Live 2022/Debian) (preloaded format=pdftex)
 restricted \write18 enabled.
entering extended mode
(./gb_roget.tex (/usr/share/texlive/texmf-dist/tex/plain/cweb/cwebmac.tex
(/usr/share/texlive/texmf-dist/tex/generic/iftex/iftex.sty)) *1 [1{/var/lib/tex
mf/fonts/map/pdftex/updmap/pdftex.map}] [2] *6 [3] *10 [4] [5] *15 Index:
(./gb_roget.idx) [6] (build-pdf/gb_roget.toc) Number of named sections:
(./gb_roget.scn) 9 Section names: (./gb_roget.scn) [7] Table of contents:
(build-pdf/gb_roget.toc) [0] )</usr/share/texlive/texmf-dist/fonts/type1/public
/amsfonts/cm/cmbx10.pfb></usr/share/texlive/texmf-dist/fonts/type1/public/amsfo
nts/cm/cmmi10.pfb></usr/share/texlive/texmf-dist/fonts/type1/public/amsfonts/cm
/cmr10.pfb></usr/share/texlive/texmf-dist/fonts/type1/public/amsfonts/cm/cmr7.p
fb></usr/share/texlive/texmf-dist/fonts/type1/public/amsfonts/cm/cmr8.pfb></usr
/share/texlive/texmf-dist/fonts/type1/public/amsfonts/cm/cmr9.pfb></usr/share/t
exlive/texmf-dist/fonts/type1/public/amsfonts/cm/cmsl10.pfb></usr/share/texlive
/texmf-dist/fonts/type1/public/amsfonts/cm/cmsy10.pfb></usr/share/texlive/texmf
-dist/fonts/type1/public/amsfonts/cm/cmsy7.pfb></usr/share/texlive/texmf-dist/f
onts/type1/public/amsfonts/cm/cmtex10.pfb></usr/share/texlive/texmf-dist/fonts/
type1/public/amsfonts/cm/cmti10.pfb></usr/share/texlive/texmf-dist/fonts/type1/
public/amsfonts/cm/cmtt10.pfb></usr/share/texlive/texmf-dist/fonts/type1/public
/amsfonts/cm/cmtt9.pfb>
Output written on build-pdf/gb_roget.pdf (8 pages, 192642 bytes).
Transcript written on build-pdf/gb_roget.log.
