This is pdfTeX, Version 3.141592653-2.6-1.40.24 (TeX Live 2022/Debian) (preloaded format=pdftex)
 restricted \write18 enabled.
entering extended mode
(./ladders.tex (/usr/share/texlive/texmf-dist/tex/plain/cweb/cwebmac.tex
(/usr/share/texlive/texmf-dist/tex/generic/iftex/iftex.sty)) *1 [1{/var/lib/tex
mf/fonts/map/pdftex/updmap/pdftex.map}] [2] *4 [3] *6 [4] [5] *12 [6] [7]
[8] *26 [9] *28 Index: (./ladders.idx) [10] (build-pdf/ladders.toc)
Number of named sections: (./ladders.scn) 16 Section names: (./ladders.scn)
[11] Table of contents: (build-pdf/ladders.toc) [0] )</usr/share/texlive/texmf-
dist/fonts/type1/public/amsfonts/cm/cmbx10.pfb></usr/share/texlive/texmf-dist/f
onts/type1/public/amsfonts/cm/cmmi10.pfb></usr/share/texlive/texmf-dist/fonts/t
ype1/public/amsfonts/cm/cmr10.pfb></usr/share/texlive/texmf-dist/fonts/type1/pu
blic/amsfonts/cm/cmr7.pfb></usr/share/texlive/texmf-dist/fonts/type1/public/ams
fonts/cm/cmr8.pfb></usr/share/texlive/texmf-dist/fonts/type1/public/amsfonts/cm
/cmr9.pfb></usr/share/texlive/texmf-dist/fonts/type1/public/amsfonts/cm/cmsy10.
pfb></usr/share/texlive/texmf-dist/fonts/type1/public/amsfonts/cm/cmsy7.pfb></u
sr/share/texlive/texmf-dist/fonts/type1/public/amsfonts/cm/cmtex10.pfb></usr/sh
are/texlive/texmf-dist/fonts/type1/public/amsfonts/cm/cmti10.pfb></usr/share/te
xlive/texmf-dist/fonts/type1/public/amsfonts/cm/cmtt10.pfb></usr/share/texlive/
texmf-dist/fonts/type1/public/amsfonts/cm/cmtt9.pfb>
Output written on build-pdf/ladders.pdf (12 pages, 212739 bytes).
Transcript written on build-pdf/ladders.log.
This is pdfTeX, Version 3.141592653-2.6-1.40.24 (TeX Live 2022/Debian) (preloaded format=pdftex)
 restricted \write18 enabled.
entering extended mode
(./ladders.tex (/usr/share/texlive/texmf-dist/tex/plain/cweb/cwebmac.tex
(/usr/share/texlive/texmf-dist/tex/generic/iftex/iftex.sty)) *1 [1{/var/lib/tex
mf/fonts/map/pdftex/updmap/pdftex.map}] [2] *4 [3] *6 [4] [5] *12 [6] [7]
[8] *26 [9] *28 Index: (./ladders.idx) [10] (build-pdf/ladders.toc)
Number of named sections: (./ladders.scn) 16 Section names: (./ladders.scn)
[11] Table of contents: (build-pdf/ladders.toc) [0] )</usr/share/texlive/texmf-
dist/fonts/type1/public/amsfonts/cm/cmbx10.pfb></usr/share/texlive/texmf-dist/f
onts/type1/public/amsfonts/cm/cmmi10.pfb></usr/share/texlive/texmf-dist/fonts/t
ype1/public/amsfonts/cm/cmr10.pfb></usr/share/texlive/texmf-dist/fonts/type1/pu
blic/amsfonts/cm/cmr7.pfb></usr/share/texlive/texmf-dist/fonts/type1/public/ams
fonts/cm/cmr8.pfb></usr/share/texlive/texmf-dist/fonts/type1/public/amsfonts/cm
/cmr9.pfb></usr/share/texlive/texmf-dist/fonts/type1/public/amsfonts/cm/cmsy10.
pfb></usr/share/texlive/texmf-dist/fonts/type1/public/amsfonts/cm/cmsy7.pfb></u
sr/share/texlive/texmf-dist/fonts/type1/public/amsfonts/cm/cmtex10.pfb></usr/sh
are/texlive/texmf-dist/fonts/type1/public/amsfonts/cm/cmti10.pfb></usr/share/te
xlive/texmf-dist/fonts/type1/public/amsfonts/cm/cmtt10.pfb></usr/share/texlive/
texmf-dist/fonts/type1/public/amsfonts/cm/cmtt9.pfb>
Output written on build-pdf/ladders.pdf (12 pages, 212739 bytes).
Transcript written on build-pdf/ladders.log.
