This is pdfTeX, Version 3.141592653-2.6-1.40.24 (TeX Live 2022/Debian) (preloaded format=pdftex)
 restricted \write18 enabled.
entering extended mode
(./multiply.tex (/usr/share/texlive/texmf-dist/tex/plain/cweb/cwebmac.tex
(/usr/share/texlive/texmf-dist/tex/generic/iftex/iftex.sty)) *1 [1{/var/lib/tex
mf/fonts/map/pdftex/updmap/pdftex.map}] [2] [3] [4] *10 [5] [6] *13 [7] *16
Index: (./multiply.idx) [8] (build-pdf/multiply.toc) Number of named sections:
(./multiply.scn) 12 Section names: (./multiply.scn) [9] Table of contents:
(build-pdf/multiply.toc) [0] )</usr/share/texlive/texmf-dist/fonts/type1/public
/amsfonts/cm/cmbx10.pfb></usr/share/texlive/texmf-dist/fonts/type1/public/amsfo
nts/cm/cmmi10.pfb></usr/share/texlive/texmf-dist/fonts/type1/public/amsfonts/cm
/cmr10.pfb></usr/share/texlive/texmf-dist/fonts/type1/public/amsfonts/cm/cmr7.p
fb></usr/share/texlive/texmf-dist/fonts/type1/public/amsfonts/cm/cmr8.pfb></usr
/share/texlive/texmf-dist/fonts/type1/public/amsfonts/cm/cmr9.pfb></usr/share/t
exlive/texmf-dist/fonts/type1/public/amsfonts/cm/cmsy10.pfb></usr/share/texlive
/texmf-dist/fonts/type1/public/amsfonts/cm/cmsy7.pfb></usr/share/texlive/texmf-
dist/fonts/type1/public/amsfonts/cm/cmtex10.pfb></usr/share/texlive/texmf-dist/
fonts/type1/public/amsfonts/cm/cmti10.pfb></usr/share/texlive/texmf-dist/fonts/
type1/public/amsfonts/cm/cmtt10.pfb></usr/share/texlive/texmf-dist/fonts/type1/
public/amsfonts/cm/cmtt9.pfb>
Output written on build-pdf/multiply.pdf (10 pages, 192123 bytes).
Transcript written on build-pdf/multiply.log.
This is pdfTeX, Version 3.141592653-2.6-1.40.24 (TeX Live 2022/Debian) (preloaded format=pdftex)
 restricted \write18 enabled.
entering extended mode
(./multiply.tex (/usr/share/texlive/texmf-dist/tex/plain/cweb/cwebmac.tex
(/usr/share/texlive/texmf-dist/tex/generic/iftex/iftex.sty)) *1 [1{/var/lib/tex
mf/fonts/map/pdftex/updmap/pdftex.map}] [2] [3] [4] *10 [5] [6] *13 [7] *16
Index: (./multiply.idx) [8] (build-pdf/multiply.toc) Number of named sections:
(./multiply.scn) 12 Section names: (./multiply.scn) [9] Table of contents:
(build-pdf/multiply.toc) [0] )</usr/share/texlive/texmf-dist/fonts/type1/public
/amsfonts/cm/cmbx10.pfb></usr/share/texlive/texmf-dist/fonts/type1/public/amsfo
nts/cm/cmmi10.pfb></usr/share/texlive/texmf-dist/fonts/type1/public/amsfonts/cm
/cmr10.pfb></usr/share/texlive/texmf-dist/fonts/type1/public/amsfonts/cm/cmr7.p
fb></usr/share/texlive/texmf-dist/fonts/type1/public/amsfonts/cm/cmr8.pfb></usr
/share/texlive/texmf-dist/fonts/type1/public/amsfonts/cm/cmr9.pfb></usr/share/t
exlive/texmf-dist/fonts/type1/public/amsfonts/cm/cmsy10.pfb></usr/share/texlive
/texmf-dist/fonts/type1/public/amsfonts/cm/cmsy7.pfb></usr/share/texlive/texmf-
dist/fonts/type1/public/amsfonts/cm/cmtex10.pfb></usr/share/texlive/texmf-dist/
fonts/type1/public/amsfonts/cm/cmti10.pfb></usr/share/texlive/texmf-dist/fonts/
type1/public/amsfonts/cm/cmtt10.pfb></usr/share/texlive/texmf-dist/fonts/type1/
public/amsfonts/cm/cmtt9.pfb>
Output written on build-pdf/multiply.pdf (10 pages, 192123 bytes).
Transcript written on build-pdf/multiply.log.
